<?xml version="1.0" encoding="UTF-8"?>
<coverage generated="1677058419332" clover="3.2.0">
  <project timestamp="1677058419333" name="All files">
    <metrics statements="26" coveredstatements="24" conditionals="5" coveredconditionals="5" methods="5" coveredmethods="5" elements="36" coveredelements="34" complexity="0" loc="26" ncloc="26" packages="3" files="4" classes="4"/>
    <package name="functions">
      <metrics statements="23" coveredstatements="21" conditionals="5" coveredconditionals="5" methods="4" coveredmethods="4"/>
      <file name="getProductsById.ts" path="C:\Users\Vasile_Dragos\Desktop\CloudX AWS Practitioner for JS #4\app\shop-backend\Product-Service\src\functions\getProductsById.ts">
        <metrics statements="12" coveredstatements="11" conditionals="2" coveredconditionals="2" methods="2" coveredmethods="2"/>
        <line num="1" count="1" type="stmt"/>
        <line num="6" count="1" type="stmt"/>
        <line num="7" count="1" type="stmt"/>
        <line num="8" count="2" type="stmt"/>
        <line num="9" count="2" type="stmt"/>
        <line num="10" count="2" type="cond" truecount="1" falsecount="0"/>
        <line num="11" count="2" type="stmt"/>
        <line num="12" count="2" type="cond" truecount="1" falsecount="0"/>
        <line num="13" count="1" type="stmt"/>
        <line num="14" count="1" type="stmt"/>
        <line num="16" count="1" type="stmt"/>
        <line num="18" count="0" type="stmt"/>
      </file>
      <file name="getProductsList.ts" path="C:\Users\Vasile_Dragos\Desktop\CloudX AWS Practitioner for JS #4\app\shop-backend\Product-Service\src\functions\getProductsList.ts">
        <metrics statements="11" coveredstatements="10" conditionals="3" coveredconditionals="3" methods="2" coveredmethods="2"/>
        <line num="1" count="1" type="stmt"/>
        <line num="6" count="1" type="stmt"/>
        <line num="7" count="1" type="stmt"/>
        <line num="8" count="2" type="stmt"/>
        <line num="9" count="2" type="stmt"/>
        <line num="10" count="2" type="stmt"/>
        <line num="11" count="2" type="cond" truecount="3" falsecount="0"/>
        <line num="12" count="1" type="stmt"/>
        <line num="13" count="1" type="stmt"/>
        <line num="15" count="1" type="stmt"/>
        <line num="17" count="0" type="stmt"/>
      </file>
    </package>
    <package name="libs">
      <metrics statements="2" coveredstatements="2" conditionals="0" coveredconditionals="0" methods="1" coveredmethods="1"/>
      <file name="api-gateway.ts" path="C:\Users\Vasile_Dragos\Desktop\CloudX AWS Practitioner for JS #4\app\shop-backend\Product-Service\src\libs\api-gateway.ts">
        <metrics statements="2" coveredstatements="2" conditionals="0" coveredconditionals="0" methods="1" coveredmethods="1"/>
        <line num="1" count="2" type="stmt"/>
        <line num="2" count="8" type="stmt"/>
      </file>
    </package>
    <package name="services.mock-data">
      <metrics statements="1" coveredstatements="1" conditionals="0" coveredconditionals="0" methods="0" coveredmethods="0"/>
      <file name="mockDataProductList.ts" path="C:\Users\Vasile_Dragos\Desktop\CloudX AWS Practitioner for JS #4\app\shop-backend\Product-Service\src\services\mock-data\mockDataProductList.ts">
        <metrics statements="1" coveredstatements="1" conditionals="0" coveredconditionals="0" methods="0" coveredmethods="0"/>
        <line num="1" count="2" type="stmt"/>
      </file>
    </package>
  </project>
</coverage>
