{"C:\\Users\\Vasile_Dragos\\Desktop\\CloudX AWS Practitioner for JS #4\\app\\shop-backend\\Product-Service\\src\\functions\\getProductsById.ts": {"path":"C:\\Users\\Vasile_Dragos\\Desktop\\CloudX AWS Practitioner for JS #4\\app\\shop-backend\\Product-Service\\src\\functions\\getProductsById.ts","statementMap":{"0":{"start":{"line":1,"column":0},"end":{"line":1,"column":57}},"1":{"start":{"line":7,"column":2},"end":{"line":20,"column":3}},"2":{"start":{"line":8,"column":2},"end":{"line":20,"column":3}},"3":{"start":{"line":9,"column":4},"end":{"line":19,"column":null}},"4":{"start":{"line":10,"column":33},"end":{"line":10,"column":53}},"5":{"start":{"line":11,"column":22},"end":{"line":11,"column":68}},"6":{"start":{"line":12,"column":6},"end":{"line":15,"column":null}},"7":{"start":{"line":13,"column":35},"end":{"line":13,"column":67}},"8":{"start":{"line":14,"column":8},"end":{"line":14,"column":49}},"9":{"start":{"line":16,"column":6},"end":{"line":16,"column":46}},"10":{"start":{"line":18,"column":6},"end":{"line":18,"column":52}},"11":{"start":{"line":6,"column":13},"end":{"line":6,"column":null}}},"fnMap":{"0":{"name":"(anonymous_0)","decl":{"start":{"line":7,"column":2},"end":{"line":7,"column":3}},"loc":{"start":{"line":8,"column":2},"end":{"line":20,"column":3}}},"1":{"name":"(anonymous_1)","decl":{"start":{"line":8,"column":2},"end":{"line":8,"column":7}},"loc":{"start":{"line":8,"column":72},"end":{"line":20,"column":3}}}},"branchMap":{"0":{"loc":{"start":{"line":10,"column":14},"end":{"line":10,"column":28}},"type":"default-arg","locations":[{"start":{"line":10,"column":26},"end":{"line":10,"column":28}}]},"1":{"loc":{"start":{"line":12,"column":6},"end":{"line":15,"column":null}},"type":"if","locations":[{"start":{"line":12,"column":6},"end":{"line":15,"column":null}}]}},"s":{"0":1,"1":1,"2":2,"3":2,"4":2,"5":2,"6":2,"7":1,"8":1,"9":1,"10":0,"11":1},"f":{"0":2,"1":2},"b":{"0":[2],"1":[1]}}
,"C:\\Users\\Vasile_Dragos\\Desktop\\CloudX AWS Practitioner for JS #4\\app\\shop-backend\\Product-Service\\src\\functions\\getProductsList.ts": {"path":"C:\\Users\\Vasile_Dragos\\Desktop\\CloudX AWS Practitioner for JS #4\\app\\shop-backend\\Product-Service\\src\\functions\\getProductsList.ts","statementMap":{"0":{"start":{"line":1,"column":0},"end":{"line":1,"column":57}},"1":{"start":{"line":7,"column":2},"end":{"line":19,"column":3}},"2":{"start":{"line":8,"column":2},"end":{"line":19,"column":3}},"3":{"start":{"line":9,"column":4},"end":{"line":18,"column":null}},"4":{"start":{"line":10,"column":23},"end":{"line":10,"column":60}},"5":{"start":{"line":11,"column":6},"end":{"line":14,"column":null}},"6":{"start":{"line":12,"column":35},"end":{"line":12,"column":71}},"7":{"start":{"line":13,"column":8},"end":{"line":13,"column":49}},"8":{"start":{"line":15,"column":6},"end":{"line":15,"column":47}},"9":{"start":{"line":17,"column":6},"end":{"line":17,"column":52}},"10":{"start":{"line":6,"column":13},"end":{"line":6,"column":null}}},"fnMap":{"0":{"name":"(anonymous_0)","decl":{"start":{"line":7,"column":2},"end":{"line":7,"column":3}},"loc":{"start":{"line":8,"column":2},"end":{"line":19,"column":3}}},"1":{"name":"(anonymous_1)","decl":{"start":{"line":8,"column":2},"end":{"line":8,"column":7}},"loc":{"start":{"line":8,"column":73},"end":{"line":19,"column":3}}}},"branchMap":{"0":{"loc":{"start":{"line":11,"column":6},"end":{"line":14,"column":null}},"type":"if","locations":[{"start":{"line":11,"column":6},"end":{"line":14,"column":null}}]},"1":{"loc":{"start":{"line":11,"column":10},"end":{"line":11,"column":42}},"type":"binary-expr","locations":[{"start":{"line":11,"column":10},"end":{"line":11,"column":29}},{"start":{"line":11,"column":33},"end":{"line":11,"column":42}}]}},"s":{"0":1,"1":1,"2":2,"3":2,"4":2,"5":2,"6":1,"7":1,"8":1,"9":0,"10":1},"f":{"0":2,"1":2},"b":{"0":[1],"1":[2,1]}}
,"C:\\Users\\Vasile_Dragos\\Desktop\\CloudX AWS Practitioner for JS #4\\app\\shop-backend\\Product-Service\\src\\libs\\api-gateway.ts": {"path":"C:\\Users\\Vasile_Dragos\\Desktop\\CloudX AWS Practitioner for JS #4\\app\\shop-backend\\Product-Service\\src\\libs\\api-gateway.ts","statementMap":{"0":{"start":{"line":1,"column":34},"end":{"line":6,"column":1}},"1":{"start":{"line":2,"column":2},"end":{"line":5,"column":4}},"2":{"start":{"line":1,"column":13},"end":{"line":1,"column":34}}},"fnMap":{"0":{"name":"(anonymous_0)","decl":{"start":{"line":1,"column":34},"end":{"line":1,"column":35}},"loc":{"start":{"line":1,"column":75},"end":{"line":6,"column":1}}}},"branchMap":{},"s":{"0":2,"1":8,"2":2},"f":{"0":8},"b":{}}
,"C:\\Users\\Vasile_Dragos\\Desktop\\CloudX AWS Practitioner for JS #4\\app\\shop-backend\\Product-Service\\src\\services\\mock-data\\mockDataProductList.ts": {"path":"C:\\Users\\Vasile_Dragos\\Desktop\\CloudX AWS Practitioner for JS #4\\app\\shop-backend\\Product-Service\\src\\services\\mock-data\\mockDataProductList.ts","statementMap":{"0":{"start":{"line":1,"column":0},"end":{"line":58,"column":2}}},"fnMap":{},"branchMap":{},"s":{"0":2},"f":{},"b":{}}
}
